<?xml version="1.0" encoding="UTF-8"?>
<!-- Generated by org.testng.reporters.JUnitXMLReporter -->
<testsuite ignored="1" hostname="AKR" failures="0" tests="1" name="Default test" time="31.98" errors="0" timestamp="2024-12-09T16:22:04 IST">
  <testcase classname="modulardriven.test" name="deleteServiceType" time="22.428"/>
  <testcase classname="modulardriven.test" name="validateServiceType" time="0.0">
    <ignored/>
  </testcase> <!-- validateServiceType -->
</testsuite> <!-- Default test -->
