<?xml version="1.0" encoding="UTF-8"?>
<!-- Generated by org.testng.reporters.JUnitXMLReporter -->
<testsuite ignored="1" hostname="AKR" failures="0" tests="1" name="Default test" time="20.978" errors="0" timestamp="2024-12-05T12:22:15 IST">
  <testcase classname="modulardriven.test" name="deleteServiceType" time="18.415"/>
  <testcase classname="modulardriven.test" name="validateServiceType" time="0.0">
    <ignored/>
  </testcase> <!-- validateServiceType -->
</testsuite> <!-- Default test -->
