<?xml version="1.0" encoding="UTF-8"?>
<testng-results ignored="0" total="1" passed="1" failed="0" skipped="0">
  <reporter-output>
  </reporter-output>
  <suite started-at="2024-12-05T12:21:54 IST" name="Default suite" finished-at="2024-12-05T12:22:15 IST" duration-ms="20978">
    <groups>
    </groups>
    <test started-at="2024-12-05T12:21:54 IST" name="Default test" finished-at="2024-12-05T12:22:15 IST" duration-ms="20978">
      <class name="modulardriven.test">
        <test-method is-config="true" signature="instantiateDriver()[pri:0, instance:modulardriven.test@49964d75]" started-at="2024-12-05T12:21:54 IST" name="instantiateDriver" finished-at="2024-12-05T12:21:57 IST" duration-ms="2394" status="PASS">
          <reporter-output>
          </reporter-output>
        </test-method> <!-- instantiateDriver -->
        <test-method signature="deleteServiceType()[pri:2, instance:modulardriven.test@49964d75]" started-at="2024-12-05T12:21:57 IST" name="deleteServiceType" description="scenario2: Delete the service type and verify it is not available in the HTML table" finished-at="2024-12-05T12:22:15 IST" duration-ms="18415" status="PASS">
          <reporter-output>
          </reporter-output>
        </test-method> <!-- deleteServiceType -->
      </class> <!-- modulardriven.test -->
    </test> <!-- Default test -->
  </suite> <!-- Default suite -->
</testng-results>
