<?xml version="1.0" encoding="UTF-8"?>
<testng-results ignored="1" total="2" passed="1" failed="0" skipped="0">
  <reporter-output>
  </reporter-output>
  <suite started-at="2024-11-21T11:29:55 IST" name="Default suite" finished-at="2024-11-21T11:30:35 IST" duration-ms="39729">
    <groups>
    </groups>
    <test started-at="2024-11-21T11:29:55 IST" name="Default test" finished-at="2024-11-21T11:30:35 IST" duration-ms="39729">
      <class name="modulardriven.test">
        <test-method is-config="true" signature="instantiateDriver()[pri:0, instance:modulardriven.test@6cb6decd]" started-at="2024-11-21T11:29:55 IST" name="instantiateDriver" finished-at="2024-11-21T11:30:08 IST" duration-ms="12544" status="PASS">
          <reporter-output>
          </reporter-output>
        </test-method> <!-- instantiateDriver -->
        <test-method signature="deleteServiceType()[pri:2, instance:modulardriven.test@6cb6decd]" started-at="2024-11-21T11:30:08 IST" name="deleteServiceType" description="scenario2: Delete the service type and verify it is not available in the HTML table" finished-at="2024-11-21T11:30:35 IST" duration-ms="27031" status="PASS">
          <reporter-output>
          </reporter-output>
        </test-method> <!-- deleteServiceType -->
      </class> <!-- modulardriven.test -->
    </test> <!-- Default test -->
  </suite> <!-- Default suite -->
</testng-results>
